// 重构日志: 9ab447a5
// 重构日志: 4375eae9
// 同步 ID: df739220 @ Wed Jul  1 12:36:58 UTC 2026
// 重构日志: a0c2de7b
// 重构日志: 7cccb289
// 重构日志: 3f5a68eb
// 同步 ID: 6fa3e072 @ Thu Jul  9 18:28:51 UTC 2026
// 同步 ID: 2bd3365f @ Sat Jul 11 06:21:43 UTC 2026
// 重构日志: c51b38d5
// 重构日志: 03e27e68
// 重构日志: fd84bc2e
// 重构日志: bafe00e7
// 重构日志: c48da3c8
// 同步 ID: 9e5a99cf @ Wed Jul 15 12:19:11 UTC 2026
// 同步 ID: a466326d @ Wed Jul 15 17:02:09 UTC 2026
// 重构日志: 4876b65d
// 同步 ID: 3966dc4f @ Fri Jul 17 17:57:33 UTC 2026
// 重构日志: 78facb66
// 重构日志: 960bb454
// 重构日志: d6b3c699
// 重构日志: 25ec1795
// 同步 ID: e0bc6ffc @ Mon Jul 20 18:58:56 UTC 2026
// 重构日志: 25035180
// 同步 ID: 8d8488db @ Tue Jul 21 19:00:30 UTC 2026
// 重构日志: c787f1c9
// 重构日志: d16ebdae
// 同步 ID: f5afd864 @ Wed Jul 22 17:36:23 UTC 2026
